  [1m[35m (1.7ms)[0m  [1m[35mCREATE DATABASE "contacts_rails_development" ENCODING = 'unicode'[0m
  [1m[35m (0.7ms)[0m  [1m[35mCREATE DATABASE "contacts_rails_test" ENCODING = 'unicode'[0m
Started GET "/home/index" for ::1 at 2021-11-05 15:34:49 +0100
Processing by HomeController#index as HTML
  Rendering layout layouts/application.html.erb
  Rendering home/index.html.erb within layouts/application
  Rendered home/index.html.erb within layouts/application (Duration: 0.7ms | Allocations: 332)
[Webpacker] Compiling...
[Webpacker] Compiled all packs in /Users/monicaperez/contacts-rails/public/packs
[Webpacker] Hash: e2a8a876c5815bee1e21
Version: webpack 4.46.0
Time: 1276ms
Built at: 05/11/2021 15:34:52
                                     Asset       Size       Chunks                         Chunk Names
    js/application-e421b4aa3f716bebdab1.js    125 KiB  application  [emitted] [immutable]  application
js/application-e421b4aa3f716bebdab1.js.map    139 KiB  application  [emitted] [dev]        application
                             manifest.json  364 bytes               [emitted]              
Entrypoint application = js/application-e421b4aa3f716bebdab1.js js/application-e421b4aa3f716bebdab1.js.map
[./app/javascript/channels sync recursive _channel\.js$] ./app/javascript/channels sync _channel\.js$ 160 bytes {application} [built]
[./app/javascript/channels/index.js] 211 bytes {application} [built]
[./app/javascript/packs/application.js] 492 bytes {application} [built]
[./node_modules/webpack/buildin/module.js] (webpack)/buildin/module.js 552 bytes {application} [built]
    + 3 hidden modules

  Rendered layout layouts/application.html.erb (Duration: 2807.1ms | Allocations: 16655)
Completed 200 OK in 2818ms (Views: 2810.7ms | ActiveRecord: 0.0ms | Allocations: 20284)


Started GET "/home/index" for ::1 at 2021-11-05 15:36:10 +0100
Processing by HomeController#index as HTML
  Rendering layout layouts/application.html.erb
  Rendering home/index.html.erb within layouts/application
  Rendered home/index.html.erb within layouts/application (Duration: 0.7ms | Allocations: 102)
[Webpacker] Everything's up-to-date. Nothing to do
  Rendered layout layouts/application.html.erb (Duration: 34.0ms | Allocations: 3752)
Completed 200 OK in 42ms (Views: 38.8ms | ActiveRecord: 0.0ms | Allocations: 4842)


Started GET "/" for ::1 at 2021-11-05 15:37:25 +0100
Processing by HomeController#index as HTML
  Rendering layout layouts/application.html.erb
  Rendering home/index.html.erb within layouts/application
  Rendered home/index.html.erb within layouts/application (Duration: 0.1ms | Allocations: 35)
[Webpacker] Everything's up-to-date. Nothing to do
  Rendered layout layouts/application.html.erb (Duration: 6.0ms | Allocations: 3493)
Completed 200 OK in 7ms (Views: 6.5ms | ActiveRecord: 0.0ms | Allocations: 3989)


Started GET "/" for ::1 at 2021-11-05 15:37:25 +0100
Processing by HomeController#index as HTML
  Rendering layout layouts/application.html.erb
  Rendering home/index.html.erb within layouts/application
  Rendered home/index.html.erb within layouts/application (Duration: 0.1ms | Allocations: 35)
[Webpacker] Everything's up-to-date. Nothing to do
  Rendered layout layouts/application.html.erb (Duration: 7.7ms | Allocations: 3509)
Completed 200 OK in 9ms (Views: 8.4ms | ActiveRecord: 0.0ms | Allocations: 3883)


Started GET "/" for ::1 at 2021-11-05 15:39:27 +0100
Processing by HomeController#index as HTML
  Rendering layout layouts/application.html.erb
  Rendering home/index.html.erb within layouts/application
  Rendered home/index.html.erb within layouts/application (Duration: 0.4ms | Allocations: 217)
[Webpacker] Everything's up-to-date. Nothing to do
  Rendered layout layouts/application.html.erb (Duration: 14.4ms | Allocations: 5756)
Completed 200 OK in 24ms (Views: 17.0ms | ActiveRecord: 0.0ms | Allocations: 8349)


Started GET "/" for ::1 at 2021-11-05 15:50:04 +0100
  
NameError (undefined local variable or method `home' for #<ActionDispatch::Routing::Mapper:0x00007f7ef02d3888>):
  
config/routes.rb:2:in `block in <main>'
config/routes.rb:1:in `<main>'
Started GET "/" for ::1 at 2021-11-05 15:50:23 +0100
Processing by HomeController#index as HTML
  Rendering layout layouts/application.html.erb
  Rendering home/index.html.erb within layouts/application
  Rendered home/index.html.erb within layouts/application (Duration: 0.6ms | Allocations: 102)
[Webpacker] Everything's up-to-date. Nothing to do
  Rendered layout layouts/application.html.erb (Duration: 17.3ms | Allocations: 3896)
Completed 200 OK in 21ms (Views: 19.5ms | Allocations: 5073)


Started GET "/home/about" for ::1 at 2021-11-05 15:50:33 +0100
  
NameError (undefined local variable or method `home' for #<ActionDispatch::Routing::Mapper:0x00007f7ee208a698>):
  
config/routes.rb:2:in `block in <main>'
config/routes.rb:1:in `<main>'
Started GET "/" for ::1 at 2021-11-05 15:50:40 +0100
  
ActionController::RoutingError (No route matches [GET] "/"):
  
Started GET "/" for ::1 at 2021-11-05 15:50:52 +0100
  
NameError (undefined local variable or method `home' for #<ActionDispatch::Routing::Mapper:0x00007f7ee307e018>):
  
config/routes.rb:3:in `block in <main>'
config/routes.rb:1:in `<main>'
Started GET "/" for ::1 at 2021-11-05 15:54:23 +0100
Processing by HomeController#index as HTML
  Rendering layout layouts/application.html.erb
  Rendering home/index.html.erb within layouts/application
  Rendered home/index.html.erb within layouts/application (Duration: 0.1ms | Allocations: 35)
[Webpacker] Everything's up-to-date. Nothing to do
  Rendered layout layouts/application.html.erb (Duration: 8.6ms | Allocations: 3504)
Completed 200 OK in 10ms (Views: 9.5ms | Allocations: 4002)


Started GET "/home/about" for ::1 at 2021-11-05 15:54:32 +0100
Processing by HomeController#about as HTML
  Rendering layout layouts/application.html.erb
  Rendering home/about.html.erb within layouts/application
  Rendered home/about.html.erb within layouts/application (Duration: 1.1ms | Allocations: 102)
[Webpacker] Everything's up-to-date. Nothing to do
  Rendered layout layouts/application.html.erb (Duration: 12.2ms | Allocations: 3583)
Completed 200 OK in 16ms (Views: 13.2ms | Allocations: 4089)


Started GET "/" for ::1 at 2021-11-05 15:54:35 +0100
Processing by HomeController#index as HTML
  Rendering layout layouts/application.html.erb
  Rendering home/index.html.erb within layouts/application
  Rendered home/index.html.erb within layouts/application (Duration: 0.1ms | Allocations: 35)
[Webpacker] Everything's up-to-date. Nothing to do
  Rendered layout layouts/application.html.erb (Duration: 12.6ms | Allocations: 3520)
Completed 200 OK in 14ms (Views: 13.4ms | Allocations: 3897)


Started GET "/" for ::1 at 2021-11-05 15:55:51 +0100
Processing by HomeController#index as HTML
  Rendering layout layouts/application.html.erb
  Rendering home/index.html.erb within layouts/application
  Rendered home/index.html.erb within layouts/application (Duration: 0.9ms | Allocations: 105)
[Webpacker] Everything's up-to-date. Nothing to do
  Rendered layout layouts/application.html.erb (Duration: 16.0ms | Allocations: 3763)
Completed 200 OK in 22ms (Views: 19.7ms | Allocations: 4847)


Started GET "/" for ::1 at 2021-11-05 15:55:58 +0100
Processing by HomeController#index as HTML
  Rendering layout layouts/application.html.erb
  Rendering home/index.html.erb within layouts/application
  Rendered home/index.html.erb within layouts/application (Duration: 1.2ms | Allocations: 102)
[Webpacker] Everything's up-to-date. Nothing to do
  Rendered layout layouts/application.html.erb (Duration: 14.5ms | Allocations: 3760)
Completed 200 OK in 22ms (Views: 19.3ms | Allocations: 4839)


Started GET "/" for ::1 at 2021-11-05 15:56:03 +0100
Processing by HomeController#index as HTML
  Rendering layout layouts/application.html.erb
  Rendering home/index.html.erb within layouts/application
  Rendered home/index.html.erb within layouts/application (Duration: 1.1ms | Allocations: 102)
[Webpacker] Everything's up-to-date. Nothing to do
  Rendered layout layouts/application.html.erb (Duration: 14.2ms | Allocations: 3760)
Completed 200 OK in 20ms (Views: 17.9ms | Allocations: 4839)


Started GET "/" for ::1 at 2021-11-05 15:59:54 +0100
Processing by HomeController#index as HTML
  Rendering layout layouts/application.html.erb
  Rendering home/index.html.erb within layouts/application
  Rendered home/index.html.erb within layouts/application (Duration: 1.4ms | Allocations: 102)
[Webpacker] Everything's up-to-date. Nothing to do
  Rendered home/_header.html.erb (Duration: 0.5ms | Allocations: 110)
  Rendered layout layouts/application.html.erb (Duration: 17.9ms | Allocations: 4070)
Completed 200 OK in 25ms (Views: 22.9ms | Allocations: 5149)


Started GET "/docs/4.0/assets/brand/bootstrap-solid.svg" for ::1 at 2021-11-05 15:59:54 +0100
  
ActionController::RoutingError (No route matches [GET] "/docs/4.0/assets/brand/bootstrap-solid.svg"):
  
Started GET "/" for ::1 at 2021-11-05 16:00:50 +0100
Processing by HomeController#index as HTML
  Rendering layout layouts/application.html.erb
  Rendering home/index.html.erb within layouts/application
  Rendered home/index.html.erb within layouts/application (Duration: 1.2ms | Allocations: 102)
[Webpacker] Everything's up-to-date. Nothing to do
  Rendered home/_header.html.erb (Duration: 0.5ms | Allocations: 109)
  Rendered layout layouts/application.html.erb (Duration: 18.1ms | Allocations: 4076)
Completed 200 OK in 24ms (Views: 21.9ms | Allocations: 5156)


Started GET "/docs/4.0/assets/brand/bootstrap-solid.svg" for ::1 at 2021-11-05 16:00:50 +0100
  
ActionController::RoutingError (No route matches [GET] "/docs/4.0/assets/brand/bootstrap-solid.svg"):
  
Started GET "/" for ::1 at 2021-11-05 16:01:53 +0100
Processing by HomeController#index as HTML
  Rendering layout layouts/application.html.erb
  Rendering home/index.html.erb within layouts/application
  Rendered home/index.html.erb within layouts/application (Duration: 1.7ms | Allocations: 102)
[Webpacker] Everything's up-to-date. Nothing to do
  Rendered home/_header.html.erb (Duration: 0.5ms | Allocations: 109)
  Rendered layout layouts/application.html.erb (Duration: 17.8ms | Allocations: 4077)
Completed 200 OK in 27ms (Views: 22.7ms | Allocations: 5162)


Started GET "/docs/4.0/assets/brand/bootstrap-solid.svg" for ::1 at 2021-11-05 16:01:53 +0100
  
ActionController::RoutingError (No route matches [GET] "/docs/4.0/assets/brand/bootstrap-solid.svg"):
  
Started GET "/" for ::1 at 2021-11-05 16:02:52 +0100
Processing by HomeController#index as HTML
  Rendering layout layouts/application.html.erb
  Rendering home/index.html.erb within layouts/application
  Rendered home/index.html.erb within layouts/application (Duration: 1.0ms | Allocations: 103)
[Webpacker] Everything's up-to-date. Nothing to do
  Rendered home/_header.html.erb (Duration: 0.5ms | Allocations: 109)
  Rendered layout layouts/application.html.erb (Duration: 18.5ms | Allocations: 4073)
Completed 200 OK in 26ms (Views: 24.0ms | Allocations: 5153)


Started GET "/images/logo.png" for ::1 at 2021-11-05 16:02:52 +0100
  
ActionController::RoutingError (No route matches [GET] "/images/logo.png"):
  
Started GET "/" for ::1 at 2021-11-05 16:03:14 +0100
Processing by HomeController#index as HTML
  Rendering layout layouts/application.html.erb
  Rendering home/index.html.erb within layouts/application
  Rendered home/index.html.erb within layouts/application (Duration: 0.1ms | Allocations: 35)
[Webpacker] Everything's up-to-date. Nothing to do
  Rendered home/_header.html.erb (Duration: 0.4ms | Allocations: 37)
  Rendered layout layouts/application.html.erb (Duration: 13.5ms | Allocations: 3621)
Completed 200 OK in 16ms (Views: 14.4ms | Allocations: 3998)


Started GET "/images/logo.png" for ::1 at 2021-11-05 16:03:14 +0100
  
ActionController::RoutingError (No route matches [GET] "/images/logo.png"):
  
Started GET "/" for ::1 at 2021-11-05 16:03:27 +0100
Processing by HomeController#index as HTML
  Rendering layout layouts/application.html.erb
  Rendering home/index.html.erb within layouts/application
  Rendered home/index.html.erb within layouts/application (Duration: 1.1ms | Allocations: 102)
[Webpacker] Everything's up-to-date. Nothing to do
  Rendered home/_header.html.erb (Duration: 0.5ms | Allocations: 109)
  Rendered layout layouts/application.html.erb (Duration: 15.6ms | Allocations: 4082)
Completed 200 OK in 22ms (Views: 20.0ms | Allocations: 5167)


  
ActionController::RoutingError (No route matches [GET] "/assets/images/logo.png"):
  
Started GET "/" for ::1 at 2021-11-05 16:05:31 +0100
Processing by HomeController#index as HTML
  Rendering layout layouts/application.html.erb
  Rendering home/index.html.erb within layouts/application
  Rendered home/index.html.erb within layouts/application (Duration: 1.6ms | Allocations: 107)
[Webpacker] Everything's up-to-date. Nothing to do
  Rendered home/_header.html.erb (Duration: 18.9ms | Allocations: 4998)
  Rendered layout layouts/application.html.erb (Duration: 36.6ms | Allocations: 8976)
Completed 200 OK in 46ms (Views: 42.9ms | Allocations: 10063)


Started GET "/" for ::1 at 2021-11-05 16:05:56 +0100
Processing by HomeController#index as HTML
  Rendering layout layouts/application.html.erb
  Rendering home/index.html.erb within layouts/application
  Rendered home/index.html.erb within layouts/application (Duration: 0.9ms | Allocations: 102)
[Webpacker] Everything's up-to-date. Nothing to do
  Rendered home/_header.html.erb (Duration: 1.3ms | Allocations: 1078)
  Rendered layout layouts/application.html.erb (Duration: 18.0ms | Allocations: 5047)
Completed 500 Internal Server Error in 23ms (Allocations: 6105)


  
ActionView::SyntaxErrorInTemplate (Encountered a syntax error while rendering template: check <nav class="navbar navbar-dark bg-dark">
    <a class="navbar-brand" href="#">
        <%= image_tag("logo.png", width '100px') %>
        My Contact List
    </a>
</nav>
):
1:    <nav class="navbar navbar-dark bg-dark">
2:        <a class="navbar-brand" href="#">
3:            <%= image_tag("logo.png", width '100px') %>
4:            My Contact List
5:        </a>
6:    </nav>
  
app/views/home/_header.html.erb:3: syntax error, unexpected string literal, expecting `do' or '{' or '('
app/views/home/_header.html.erb:3: syntax error, unexpected ')', expecting `end'
app/views/home/_header.html.erb:3: syntax error, unexpected string literal, expecting `do' or '{' or '('
app/views/home/_header.html.erb:3: syntax error, unexpected ')', expecting `end'
app/views/home/_header.html.erb:3: syntax error, unexpected string literal, expecting `do' or '{' or '('
app/views/home/_header.html.erb:3: syntax error, unexpected ')', expecting `end'
app/views/home/_header.html.erb:3: syntax error, unexpected string literal, expecting `do' or '{' or '('
app/views/home/_header.html.erb:3: syntax error, unexpected ')', expecting `end'
app/views/home/_header.html.erb:3: syntax error, unexpected string literal, expecting `do' or '{' or '('
app/views/home/_header.html.erb:3: syntax error, unexpected ')', expecting `end'
app/views/home/_header.html.erb:3: syntax error, unexpected string literal, expecting `do' or '{' or '('
app/views/home/_header.html.erb:3: syntax error, unexpected ')', expecting `end'
app/views/layouts/application.html.erb:20
Started GET "/" for ::1 at 2021-11-05 16:06:19 +0100
Processing by HomeController#index as HTML
  Rendering layout layouts/application.html.erb
  Rendering home/index.html.erb within layouts/application
  Rendered home/index.html.erb within layouts/application (Duration: 0.6ms | Allocations: 102)
[Webpacker] Everything's up-to-date. Nothing to do
  Rendered home/_header.html.erb (Duration: 3.1ms | Allocations: 578)
  Rendered layout layouts/application.html.erb (Duration: 15.5ms | Allocations: 4551)
Completed 200 OK in 22ms (Views: 20.5ms | Allocations: 5636)


Started GET "/" for ::1 at 2021-11-05 16:06:25 +0100
Processing by HomeController#index as HTML
  Rendering layout layouts/application.html.erb
  Rendering home/index.html.erb within layouts/application
  Rendered home/index.html.erb within layouts/application (Duration: 0.8ms | Allocations: 102)
[Webpacker] Everything's up-to-date. Nothing to do
  Rendered home/_header.html.erb (Duration: 2.5ms | Allocations: 573)
  Rendered layout layouts/application.html.erb (Duration: 18.9ms | Allocations: 4535)
Completed 200 OK in 24ms (Views: 22.2ms | Allocations: 5614)


Started GET "/" for ::1 at 2021-11-05 16:07:38 +0100
Processing by HomeController#index as HTML
  Rendering layout layouts/application.html.erb
  Rendering home/index.html.erb within layouts/application
  Rendered home/index.html.erb within layouts/application (Duration: 0.2ms | Allocations: 35)
[Webpacker] Everything's up-to-date. Nothing to do
  Rendered home/_header.html.erb (Duration: 2.1ms | Allocations: 479)
  Rendered layout layouts/application.html.erb (Duration: 16.1ms | Allocations: 4053)
Completed 200 OK in 18ms (Views: 17.1ms | Allocations: 4428)


Started GET "/" for ::1 at 2021-11-06 11:08:05 +0100
Processing by HomeController#index as HTML
  Rendering layout layouts/application.html.erb
  Rendering home/index.html.erb within layouts/application
  Rendered home/index.html.erb within layouts/application (Duration: 0.6ms | Allocations: 217)
[Webpacker] Everything's up-to-date. Nothing to do
  Rendered home/_header.html.erb (Duration: 1.0ms | Allocations: 603)
  Rendered layout layouts/application.html.erb (Duration: 21.3ms | Allocations: 6812)
Completed 200 OK in 32ms (Views: 24.6ms | ActiveRecord: 0.0ms | Allocations: 9406)


Started GET "/" for ::1 at 2021-11-06 11:08:05 +0100
Processing by HomeController#index as HTML
  Rendering layout layouts/application.html.erb
  Rendering home/index.html.erb within layouts/application
  Rendered home/index.html.erb within layouts/application (Duration: 0.0ms | Allocations: 35)
[Webpacker] Everything's up-to-date. Nothing to do
  Rendered home/_header.html.erb (Duration: 0.9ms | Allocations: 995)
  Rendered layout layouts/application.html.erb (Duration: 6.3ms | Allocations: 4886)
Completed 200 OK in 7ms (Views: 6.7ms | ActiveRecord: 0.0ms | Allocations: 5286)


